2013-05-15 04:52:41 Error: [MissingViewException] View file "/srv/http/clinux-website/app/View/Home/index.ctp" is missing.
Exception Attributes: array (
  'file' => '/srv/http/clinux-website/app/View/Home/index.ctp',
)
Request URL: /clinux-website/home
Stack Trace:
#0 /srv/http/clinux-website/lib/Cake/View/View.php(468): View->_getViewFileName(NULL)
#1 /srv/http/clinux-website/lib/Cake/Controller/Controller.php(948): View->render(NULL, NULL)
#2 /srv/http/clinux-website/lib/Cake/Routing/Dispatcher.php(194): Controller->render()
#3 /srv/http/clinux-website/lib/Cake/Routing/Dispatcher.php(162): Dispatcher->_invoke(Object(HomeController), Object(CakeRequest), Object(CakeResponse))
#4 /srv/http/clinux-website/app/webroot/index.php(109): Dispatcher->dispatch(Object(CakeRequest), Object(CakeResponse))
#5 {main}
2013-05-15 04:56:35 Error: [MissingActionException] Action HomeController::display() could not be found.
Exception Attributes: array (
  'controller' => 'HomeController',
  'action' => 'display',
)
Request URL: /clinux-website/
Stack Trace:
#0 /srv/http/clinux-website/lib/Cake/Routing/Dispatcher.php(187): Controller->invokeAction(Object(CakeRequest))
#1 /srv/http/clinux-website/lib/Cake/Routing/Dispatcher.php(162): Dispatcher->_invoke(Object(HomeController), Object(CakeRequest), Object(CakeResponse))
#2 /srv/http/clinux-website/app/webroot/index.php(109): Dispatcher->dispatch(Object(CakeRequest), Object(CakeResponse))
#3 {main}
2013-05-15 04:59:12 Error: [MissingViewException] View file "/srv/http/clinux-website/app/View/Home/index.ctp" is missing.
Exception Attributes: array (
  'file' => '/srv/http/clinux-website/app/View/Home/index.ctp',
)
Request URL: /clinux-website/
Stack Trace:
#0 /srv/http/clinux-website/lib/Cake/View/View.php(468): View->_getViewFileName(NULL)
#1 /srv/http/clinux-website/lib/Cake/Controller/Controller.php(948): View->render(NULL, NULL)
#2 /srv/http/clinux-website/lib/Cake/Routing/Dispatcher.php(194): Controller->render()
#3 /srv/http/clinux-website/lib/Cake/Routing/Dispatcher.php(162): Dispatcher->_invoke(Object(HomeController), Object(CakeRequest), Object(CakeResponse))
#4 /srv/http/clinux-website/app/webroot/index.php(109): Dispatcher->dispatch(Object(CakeRequest), Object(CakeResponse))
#5 {main}
